[2025-05-15T05:18:35.997+0000] {local_task_job_runner.py:123} INFO - ::group::Pre task execution logs
[2025-05-15T05:18:36.081+0000] {taskinstance.py:2614} INFO - Dependencies all met for dep_context=non-requeueable deps ti=<TaskInstance: 01_python_dag.python_task1 scheduled__2025-05-14T01:30:00+00:00 [queued]>
[2025-05-15T05:18:36.105+0000] {taskinstance.py:2614} INFO - Dependencies all met for dep_context=requeueable deps ti=<TaskInstance: 01_python_dag.python_task1 scheduled__2025-05-14T01:30:00+00:00 [queued]>
[2025-05-15T05:18:36.105+0000] {taskinstance.py:2867} INFO - Starting attempt 1 of 4
[2025-05-15T05:18:36.137+0000] {taskinstance.py:2890} INFO - Executing <Task(PythonOperator): python_task1> on 2025-05-14 01:30:00+00:00
[2025-05-15T05:18:36.168+0000] {warnings.py:112} WARNING - /home/***/.local/lib/python3.12/site-packages/***/task/task_runner/standard_task_runner.py:70: DeprecationWarning: This process (pid=908) is multi-threaded, use of fork() may lead to deadlocks in the child.
  pid = os.fork()

[2025-05-15T05:18:36.183+0000] {standard_task_runner.py:72} INFO - Started process 909 to run task
[2025-05-15T05:18:36.185+0000] {standard_task_runner.py:104} INFO - Running: ['***', 'tasks', 'run', '01_python_dag', 'python_task1', 'scheduled__2025-05-14T01:30:00+00:00', '--job-id', '5', '--raw', '--subdir', 'DAGS_FOLDER/01_python_dag.py', '--cfg-path', '/tmp/tmp1jd2uqbw']
[2025-05-15T05:18:36.193+0000] {standard_task_runner.py:105} INFO - Job 5: Subtask python_task1
[2025-05-15T05:18:36.347+0000] {task_command.py:467} INFO - Running <TaskInstance: 01_python_dag.python_task1 scheduled__2025-05-14T01:30:00+00:00 [running]> on host b13e4d6f8681
[2025-05-15T05:18:36.500+0000] {taskinstance.py:3134} INFO - Exporting env vars: AIRFLOW_CTX_DAG_EMAIL='haein@***.com' AIRFLOW_CTX_DAG_OWNER='haein' AIRFLOW_CTX_DAG_ID='01_python_dag' AIRFLOW_CTX_TASK_ID='python_task1' AIRFLOW_CTX_EXECUTION_DATE='2025-05-14T01:30:00+00:00' AIRFLOW_CTX_TRY_NUMBER='1' AIRFLOW_CTX_DAG_RUN_ID='scheduled__2025-05-14T01:30:00+00:00'
[2025-05-15T05:18:36.505+0000] {taskinstance.py:732} INFO - ::endgroup::
[2025-05-15T05:18:36.561+0000] {logging_mixin.py:190} INFO - THIS IS AIRFLOW!
[2025-05-15T05:18:36.562+0000] {python.py:240} INFO - Done. Returned value was: None
[2025-05-15T05:18:36.581+0000] {taskinstance.py:341} INFO - ::group::Post task execution logs
[2025-05-15T05:18:36.582+0000] {taskinstance.py:353} INFO - Marking task as SUCCESS. dag_id=01_python_dag, task_id=python_task1, run_id=scheduled__2025-05-14T01:30:00+00:00, execution_date=20250514T013000, start_date=20250515T051836, end_date=20250515T051836
[2025-05-15T05:18:36.659+0000] {local_task_job_runner.py:266} INFO - Task exited with return code 0
[2025-05-15T05:18:36.683+0000] {taskinstance.py:3901} INFO - 0 downstream tasks scheduled from follow-on schedule check
[2025-05-15T05:18:36.684+0000] {local_task_job_runner.py:245} INFO - ::endgroup::
