[2025-05-15T07:05:47.180+0000] {local_task_job_runner.py:123} INFO - ::group::Pre task execution logs
[2025-05-15T07:05:47.202+0000] {taskinstance.py:2614} INFO - Dependencies all met for dep_context=non-requeueable deps ti=<TaskInstance: 05_python_xcom_dag.python_task1 manual__2025-05-15T07:05:46.395641+00:00 [queued]>
[2025-05-15T07:05:47.212+0000] {taskinstance.py:2614} INFO - Dependencies all met for dep_context=requeueable deps ti=<TaskInstance: 05_python_xcom_dag.python_task1 manual__2025-05-15T07:05:46.395641+00:00 [queued]>
[2025-05-15T07:05:47.212+0000] {taskinstance.py:2867} INFO - Starting attempt 1 of 4
[2025-05-15T07:05:47.226+0000] {taskinstance.py:2890} INFO - Executing <Task(PythonOperator): python_task1> on 2025-05-15 07:05:46.395641+00:00
[2025-05-15T07:05:47.238+0000] {warnings.py:112} WARNING - /home/***/.local/lib/python3.12/site-packages/***/task/task_runner/standard_task_runner.py:70: DeprecationWarning: This process (pid=2269) is multi-threaded, use of fork() may lead to deadlocks in the child.
  pid = os.fork()

[2025-05-15T07:05:47.240+0000] {standard_task_runner.py:72} INFO - Started process 2270 to run task
[2025-05-15T07:05:47.241+0000] {standard_task_runner.py:104} INFO - Running: ['***', 'tasks', 'run', '05_python_xcom_dag', 'python_task1', 'manual__2025-05-15T07:05:46.395641+00:00', '--job-id', '15', '--raw', '--subdir', 'DAGS_FOLDER/\x0805_python_xcom_dag.py', '--cfg-path', '/tmp/tmpu3wbhf5u']
[2025-05-15T07:05:47.242+0000] {standard_task_runner.py:105} INFO - Job 15: Subtask python_task1
[2025-05-15T07:05:47.288+0000] {task_command.py:467} INFO - Running <TaskInstance: 05_python_xcom_dag.python_task1 manual__2025-05-15T07:05:46.395641+00:00 [running]> on host b13e4d6f8681
[2025-05-15T07:05:47.379+0000] {taskinstance.py:3134} INFO - Exporting env vars: AIRFLOW_CTX_DAG_EMAIL='haein@***.com' AIRFLOW_CTX_DAG_OWNER='haein' AIRFLOW_CTX_DAG_ID='05_python_xcom_dag' AIRFLOW_CTX_TASK_ID='python_task1' AIRFLOW_CTX_EXECUTION_DATE='2025-05-15T07:05:46.395641+00:00' AIRFLOW_CTX_TRY_NUMBER='1' AIRFLOW_CTX_DAG_RUN_ID='manual__2025-05-15T07:05:46.395641+00:00'
[2025-05-15T07:05:47.380+0000] {taskinstance.py:732} INFO - ::endgroup::
[2025-05-15T07:05:47.407+0000] {logging_mixin.py:190} INFO - {'age': 20,
 'conf': <Proxy at 0x75b316e03700 with factory functools.partial(<function lazy_mapping_from_context.<locals>._deprecated_proxy_factory at 0x75b316ea02c0>, 'conf', <***.configuration.AirflowConfigParser object at 0x75b32361a4e0>)>,
 'conn': None,
 'count': 100,
 'dag': <DAG: 05_python_xcom_dag>,
 'dag_run': <DagRun 05_python_xcom_dag @ 2025-05-15 07:05:46.395641+00:00: manual__2025-05-15T07:05:46.395641+00:00, state:running, queued_at: 2025-05-15 07:05:46.409392+00:00. externally triggered: True>,
 'data_interval_end': DateTime(2025, 5, 15, 1, 30, 0, tzinfo=Timezone('UTC')),
 'data_interval_start': DateTime(2025, 5, 14, 1, 30, 0, tzinfo=Timezone('UTC')),
 'ds': '2025-05-15',
 'ds_nodash': '20250515',
 'execution_date': <Proxy at 0x75b3170940c0 with factory functools.partial(<function lazy_mapping_from_context.<locals>._deprecated_proxy_factory at 0x75b316ea02c0>, 'execution_date', DateTime(2025, 5, 15, 7, 5, 46, 395641, tzinfo=Timezone('UTC')))>,
 'expanded_ti_count': None,
 'inlet_events': InletEventsAccessors(_inlets=[], _datasets={}, _dataset_aliases={}, _session=<sqlalchemy.orm.session.Session object at 0x75b32362eea0>),
 'inlets': [],
 'logical_date': DateTime(2025, 5, 15, 7, 5, 46, 395641, tzinfo=Timezone('UTC')),
 'macros': <module '***.macros' from '/home/***/.local/lib/python3.12/site-packages/***/macros/__init__.py'>,
 'map_index_template': None,
 'name': 'codeit',
 'next_ds': <Proxy at 0x75b316e66900 with factory functools.partial(<function lazy_mapping_from_context.<locals>._deprecated_proxy_factory at 0x75b316ea02c0>, 'next_ds', '2025-05-15')>,
 'next_ds_nodash': <Proxy at 0x75b316e63a80 with factory functools.partial(<function lazy_mapping_from_context.<locals>._deprecated_proxy_factory at 0x75b316ea02c0>, 'next_ds_nodash', '20250515')>,
 'next_execution_date': <Proxy at 0x75b316d30bc0 with factory functools.partial(<function lazy_mapping_from_context.<locals>._deprecated_proxy_factory at 0x75b316ea02c0>, 'next_execution_date', DateTime(2025, 5, 15, 7, 5, 46, 395641, tzinfo=Timezone('UTC')))>,
 'outlet_events': <***.utils.context.OutletEventAccessors object at 0x75b316e12300>,
 'outlets': [],
 'params': {},
 'prev_data_interval_end_success': DateTime(2025, 5, 15, 1, 30, 0, tzinfo=Timezone('UTC')),
 'prev_data_interval_start_success': DateTime(2025, 5, 14, 1, 30, 0, tzinfo=Timezone('UTC')),
 'prev_ds': <Proxy at 0x75b316d30b00 with factory functools.partial(<function lazy_mapping_from_context.<locals>._deprecated_proxy_factory at 0x75b316ea02c0>, 'prev_ds', '2025-05-15')>,
 'prev_ds_nodash': <Proxy at 0x75b316d0f6c0 with factory functools.partial(<function lazy_mapping_from_context.<locals>._deprecated_proxy_factory at 0x75b316ea02c0>, 'prev_ds_nodash', '20250515')>,
 'prev_end_date_success': DateTime(2025, 5, 15, 6, 33, 23, 542086, tzinfo=Timezone('UTC')),
 'prev_execution_date': <Proxy at 0x75b316d0c240 with factory functools.partial(<function lazy_mapping_from_context.<locals>._deprecated_proxy_factory at 0x75b316ea02c0>, 'prev_execution_date', DateTime(2025, 5, 15, 7, 5, 46, 395641, tzinfo=Timezone('UTC')))>,
 'prev_execution_date_success': <Proxy at 0x75b316d0da40 with factory functools.partial(<function lazy_mapping_from_context.<locals>._deprecated_proxy_factory at 0x75b316ea02c0>, 'prev_execution_date_success', DateTime(2025, 5, 14, 1, 30, 0, tzinfo=Timezone('UTC')))>,
 'prev_start_date_success': DateTime(2025, 5, 15, 6, 33, 22, 366363, tzinfo=Timezone('UTC')),
 'run_id': 'manual__2025-05-15T07:05:46.395641+00:00',
 'task': <Task(PythonOperator): python_task1>,
 'task_instance': <TaskInstance: 05_python_xcom_dag.python_task1 manual__2025-05-15T07:05:46.395641+00:00 [running]>,
 'task_instance_key_str': '05_python_xcom_dag__python_task1__20250515',
 'templates_dict': None,
 'test_mode': False,
 'ti': <TaskInstance: 05_python_xcom_dag.python_task1 manual__2025-05-15T07:05:46.395641+00:00 [running]>,
 'tomorrow_ds': <Proxy at 0x75b316d0db00 with factory functools.partial(<function lazy_mapping_from_context.<locals>._deprecated_proxy_factory at 0x75b316ea02c0>, 'tomorrow_ds', '2025-05-16')>,
 'tomorrow_ds_nodash': <Proxy at 0x75b316d0dbc0 with factory functools.partial(<function lazy_mapping_from_context.<locals>._deprecated_proxy_factory at 0x75b316ea02c0>, 'tomorrow_ds_nodash', '20250516')>,
 'triggering_dataset_events': <Proxy at 0x75b316ea8480 with factory <function _get_template_context.<locals>.get_triggering_events at 0x75b316e37ec0>>,
 'ts': '2025-05-15T07:05:46.395641+00:00',
 'ts_nodash': '20250515T070546',
 'ts_nodash_with_tz': '20250515T070546.395641+0000',
 'var': {'json': None, 'value': None},
 'yesterday_ds': <Proxy at 0x75b316d0dcc0 with factory functools.partial(<function lazy_mapping_from_context.<locals>._deprecated_proxy_factory at 0x75b316ea02c0>, 'yesterday_ds', '2025-05-14')>,
 'yesterday_ds_nodash': <Proxy at 0x75b316d0f800 with factory functools.partial(<function lazy_mapping_from_context.<locals>._deprecated_proxy_factory at 0x75b316ea02c0>, 'yesterday_ds_nodash', '20250514')>}
[2025-05-15T07:05:47.417+0000] {python.py:240} INFO - Done. Returned value was: None
[2025-05-15T07:05:47.429+0000] {taskinstance.py:341} INFO - ::group::Post task execution logs
[2025-05-15T07:05:47.429+0000] {taskinstance.py:353} INFO - Marking task as SUCCESS. dag_id=05_python_xcom_dag, task_id=python_task1, run_id=manual__2025-05-15T07:05:46.395641+00:00, execution_date=20250515T070546, start_date=20250515T070547, end_date=20250515T070547
[2025-05-15T07:05:47.496+0000] {local_task_job_runner.py:266} INFO - Task exited with return code 0
[2025-05-15T07:05:47.524+0000] {taskinstance.py:3901} INFO - 1 downstream tasks scheduled from follow-on schedule check
[2025-05-15T07:05:47.526+0000] {local_task_job_runner.py:245} INFO - ::endgroup::
