[2025-05-15T05:53:46.019+0000] {local_task_job_runner.py:123} INFO - ::group::Pre task execution logs
[2025-05-15T05:53:46.038+0000] {taskinstance.py:2614} INFO - Dependencies all met for dep_context=non-requeueable deps ti=<TaskInstance: 02_python_dag.python_task2 scheduled__2025-05-14T01:30:00+00:00 [queued]>
[2025-05-15T05:53:46.046+0000] {taskinstance.py:2614} INFO - Dependencies all met for dep_context=requeueable deps ti=<TaskInstance: 02_python_dag.python_task2 scheduled__2025-05-14T01:30:00+00:00 [queued]>
[2025-05-15T05:53:46.047+0000] {taskinstance.py:2867} INFO - Starting attempt 4 of 7
[2025-05-15T05:53:46.059+0000] {taskinstance.py:2890} INFO - Executing <Task(PythonOperator): python_task2> on 2025-05-14 01:30:00+00:00
[2025-05-15T05:53:46.070+0000] {warnings.py:112} WARNING - /home/***/.local/lib/python3.12/site-packages/***/task/task_runner/standard_task_runner.py:70: DeprecationWarning: This process (pid=1350) is multi-threaded, use of fork() may lead to deadlocks in the child.
  pid = os.fork()

[2025-05-15T05:53:46.072+0000] {standard_task_runner.py:72} INFO - Started process 1351 to run task
[2025-05-15T05:53:46.073+0000] {standard_task_runner.py:104} INFO - Running: ['***', 'tasks', 'run', '02_python_dag', 'python_task2', 'scheduled__2025-05-14T01:30:00+00:00', '--job-id', '9', '--raw', '--subdir', 'DAGS_FOLDER/02_python_dag.py', '--cfg-path', '/tmp/tmpduc7gv8j']
[2025-05-15T05:53:46.074+0000] {standard_task_runner.py:105} INFO - Job 9: Subtask python_task2
[2025-05-15T05:53:46.122+0000] {task_command.py:467} INFO - Running <TaskInstance: 02_python_dag.python_task2 scheduled__2025-05-14T01:30:00+00:00 [running]> on host b13e4d6f8681
[2025-05-15T05:53:46.202+0000] {taskinstance.py:3134} INFO - Exporting env vars: AIRFLOW_CTX_DAG_EMAIL='haein@***.com' AIRFLOW_CTX_DAG_OWNER='haein' AIRFLOW_CTX_DAG_ID='02_python_dag' AIRFLOW_CTX_TASK_ID='python_task2' AIRFLOW_CTX_EXECUTION_DATE='2025-05-14T01:30:00+00:00' AIRFLOW_CTX_TRY_NUMBER='4' AIRFLOW_CTX_DAG_RUN_ID='scheduled__2025-05-14T01:30:00+00:00'
[2025-05-15T05:53:46.203+0000] {taskinstance.py:732} INFO - ::endgroup::
[2025-05-15T05:53:46.219+0000] {logging_mixin.py:190} INFO - SELECTED FRUITS :  ['BANANA']
[2025-05-15T05:53:46.219+0000] {python.py:240} INFO - Done. Returned value was: ['BANANA']
[2025-05-15T05:53:46.245+0000] {taskinstance.py:341} INFO - ::group::Post task execution logs
[2025-05-15T05:53:46.246+0000] {taskinstance.py:353} INFO - Marking task as SUCCESS. dag_id=02_python_dag, task_id=python_task2, run_id=scheduled__2025-05-14T01:30:00+00:00, execution_date=20250514T013000, start_date=20250515T055346, end_date=20250515T055346
[2025-05-15T05:53:46.288+0000] {local_task_job_runner.py:266} INFO - Task exited with return code 0
[2025-05-15T05:53:46.316+0000] {taskinstance.py:3901} INFO - 1 downstream tasks scheduled from follow-on schedule check
[2025-05-15T05:53:46.318+0000] {local_task_job_runner.py:245} INFO - ::endgroup::
