[2025-05-15T07:05:48.254+0000] {local_task_job_runner.py:123} INFO - ::group::Pre task execution logs
[2025-05-15T07:05:48.278+0000] {taskinstance.py:2614} INFO - Dependencies all met for dep_context=non-requeueable deps ti=<TaskInstance: 05_python_xcom_dag.python_task2 manual__2025-05-15T07:05:46.395641+00:00 [queued]>
[2025-05-15T07:05:48.288+0000] {taskinstance.py:2614} INFO - Dependencies all met for dep_context=requeueable deps ti=<TaskInstance: 05_python_xcom_dag.python_task2 manual__2025-05-15T07:05:46.395641+00:00 [queued]>
[2025-05-15T07:05:48.289+0000] {taskinstance.py:2867} INFO - Starting attempt 1 of 4
[2025-05-15T07:05:48.303+0000] {taskinstance.py:2890} INFO - Executing <Task(PythonOperator): python_task2> on 2025-05-15 07:05:46.395641+00:00
[2025-05-15T07:05:48.314+0000] {warnings.py:112} WARNING - /home/***/.local/lib/python3.12/site-packages/***/task/task_runner/standard_task_runner.py:70: DeprecationWarning: This process (pid=2272) is multi-threaded, use of fork() may lead to deadlocks in the child.
  pid = os.fork()

[2025-05-15T07:05:48.316+0000] {standard_task_runner.py:72} INFO - Started process 2273 to run task
[2025-05-15T07:05:48.317+0000] {standard_task_runner.py:104} INFO - Running: ['***', 'tasks', 'run', '05_python_xcom_dag', 'python_task2', 'manual__2025-05-15T07:05:46.395641+00:00', '--job-id', '16', '--raw', '--subdir', 'DAGS_FOLDER/\x0805_python_xcom_dag.py', '--cfg-path', '/tmp/tmp1xnxkf_v']
[2025-05-15T07:05:48.319+0000] {standard_task_runner.py:105} INFO - Job 16: Subtask python_task2
[2025-05-15T07:05:48.367+0000] {task_command.py:467} INFO - Running <TaskInstance: 05_python_xcom_dag.python_task2 manual__2025-05-15T07:05:46.395641+00:00 [running]> on host b13e4d6f8681
[2025-05-15T07:05:48.457+0000] {taskinstance.py:3134} INFO - Exporting env vars: AIRFLOW_CTX_DAG_EMAIL='haein@***.com' AIRFLOW_CTX_DAG_OWNER='haein' AIRFLOW_CTX_DAG_ID='05_python_xcom_dag' AIRFLOW_CTX_TASK_ID='python_task2' AIRFLOW_CTX_EXECUTION_DATE='2025-05-15T07:05:46.395641+00:00' AIRFLOW_CTX_TRY_NUMBER='1' AIRFLOW_CTX_DAG_RUN_ID='manual__2025-05-15T07:05:46.395641+00:00'
[2025-05-15T07:05:48.458+0000] {taskinstance.py:732} INFO - ::endgroup::
[2025-05-15T07:05:48.488+0000] {logging_mixin.py:190} INFO - HELLO MY NAME IS CODEIT
[2025-05-15T07:05:48.489+0000] {python.py:240} INFO - Done. Returned value was: None
[2025-05-15T07:05:48.508+0000] {taskinstance.py:341} INFO - ::group::Post task execution logs
[2025-05-15T07:05:48.509+0000] {taskinstance.py:353} INFO - Marking task as SUCCESS. dag_id=05_python_xcom_dag, task_id=python_task2, run_id=manual__2025-05-15T07:05:46.395641+00:00, execution_date=20250515T070546, start_date=20250515T070548, end_date=20250515T070548
[2025-05-15T07:05:48.620+0000] {local_task_job_runner.py:266} INFO - Task exited with return code 0
[2025-05-15T07:05:48.639+0000] {taskinstance.py:3901} INFO - 0 downstream tasks scheduled from follow-on schedule check
[2025-05-15T07:05:48.641+0000] {local_task_job_runner.py:245} INFO - ::endgroup::
